<?xml version="1.0" encoding="UTF-8"?>
<!-- Generated by org.testng.reporters.JUnitXMLReporter -->
<testsuite ignored="0" hostname="DESKTOP-KCJU303" failures="0" tests="5" name="Test" time="47.961" errors="0" timestamp="2024-03-08T01:49:14 PST">
  <testcase classname="com.xyzbank.qa.testcases.TC003_AddNewCustomerTest" name="verifyManagerLogin" time="2.357"/>
  <testcase classname="com.xyzbank.qa.testcases.TC004_OpenNewAccountTest" name="createAccount" time="3.083"/>
  <testcase classname="com.xyzbank.qa.testcases.TC005_SearchCustomerTest" name="verifySearch" time="2.472"/>
  <testcase classname="com.xyzbank.qa.testcases.TC001_HomepageTest" name="homePageTest" time="0.837"/>
  <testcase classname="com.xyzbank.qa.testcases.TC002_LoginTest" name="verifyLogin" time="3.225"/>
</testsuite> <!-- Test -->
